<?xml version="1.0" encoding="UTF-8"?>
<testng-results ignored="0" total="1" passed="1" failed="0" skipped="0">
  <reporter-output>
  </reporter-output>
  <suite started-at="2023-03-11T19:49:50 GMT" name="CodeTest" finished-at="2023-03-11T19:50:23 GMT" duration-ms="32659">
    <groups>
    </groups>
    <test started-at="2023-03-11T19:49:50 GMT" name="Q1UITest" finished-at="2023-03-11T19:50:23 GMT" duration-ms="32659">
      <class name="com.simplytesting.jsfw.Q1UITest">
        <test-method is-config="true" signature="beforeMethod()[pri:0, instance:com.simplytesting.jsfw.Q1UITest@957e06]" started-at="2023-03-11T19:49:50 GMT" name="beforeMethod" finished-at="2023-03-11T19:49:55 GMT" duration-ms="4651" status="PASS">
          <reporter-output>
          </reporter-output>
        </test-method> <!-- beforeMethod -->
        <test-method signature="question1Test()[pri:1, instance:com.simplytesting.jsfw.Q1UITest@957e06]" started-at="2023-03-11T19:49:55 GMT" name="question1Test" finished-at="2023-03-11T19:50:23 GMT" duration-ms="27832" status="PASS">
          <reporter-output>
          </reporter-output>
        </test-method> <!-- question1Test -->
        <test-method is-config="true" signature="tearDown()[pri:0, instance:com.simplytesting.jsfw.Q1UITest@957e06]" started-at="2023-03-11T19:50:23 GMT" name="tearDown" finished-at="2023-03-11T19:50:23 GMT" duration-ms="146" status="PASS">
          <reporter-output>
          </reporter-output>
        </test-method> <!-- tearDown -->
      </class> <!-- com.simplytesting.jsfw.Q1UITest -->
    </test> <!-- Q1UITest -->
  </suite> <!-- CodeTest -->
</testng-results>
